f:\business\hardware-interface\webs\webs\release\webs.pch
f:\business\hardware-interface\webs\webs\release\vc140.pdb
f:\business\hardware-interface\webs\webs\release\stdafx.obj
f:\business\hardware-interface\webs\webs\release\webserver.obj
f:\business\hardware-interface\webs\webs\release\webs.obj
f:\business\hardware-interface\webs\webs\release\urlhelper.obj
f:\business\hardware-interface\webs\webs\release\stdhelpers.obj
f:\business\hardware-interface\webs\webs\release\socket.obj
f:\business\hardware-interface\webs\webs\release\membercardreader.obj
f:\business\hardware-interface\webs\webs\release\idcardreader.obj
f:\business\hardware-interface\webs\webs\release\filereader.obj
f:\business\hardware-interface\webs\webs\release\base64.obj
f:\business\hardware-interface\webs\release\webs.exe
f:\business\hardware-interface\webs\release\webs.ipdb
f:\business\hardware-interface\webs\release\webs.iobj
f:\business\hardware-interface\webs\release\webs.pdb
f:\business\hardware-interface\webs\webs\release\webs.tlog\cl.command.1.tlog
f:\business\hardware-interface\webs\webs\release\webs.tlog\cl.read.1.tlog
f:\business\hardware-interface\webs\webs\release\webs.tlog\cl.write.1.tlog
f:\business\hardware-interface\webs\webs\release\webs.tlog\link.command.1.tlog
f:\business\hardware-interface\webs\webs\release\webs.tlog\link.read.1.tlog
f:\business\hardware-interface\webs\webs\release\webs.tlog\link.write.1.tlog
