f:\business\hardware-interface\webs\webs\debug\webs.pch
f:\business\hardware-interface\webs\webs\debug\vc140.pdb
f:\business\hardware-interface\webs\webs\debug\vc140.idb
f:\business\hardware-interface\webs\webs\debug\stdafx.obj
f:\business\hardware-interface\webs\webs\debug\base64.obj
f:\business\hardware-interface\webs\webs\debug\membercardreader.obj
f:\business\hardware-interface\webs\webs\debug\socket.obj
f:\business\hardware-interface\webs\webs\debug\stdhelpers.obj
f:\business\hardware-interface\webs\webs\debug\urlhelper.obj
f:\business\hardware-interface\webs\webs\debug\webs.obj
f:\business\hardware-interface\webs\webs\debug\webserver.obj
f:\business\hardware-interface\webs\debug\webs.ilk
f:\business\hardware-interface\webs\debug\webs.exe
f:\business\hardware-interface\webs\debug\webs.pdb
f:\business\hardware-interface\webs\webs\debug\webs.tlog\cl.command.1.tlog
f:\business\hardware-interface\webs\webs\debug\webs.tlog\cl.read.1.tlog
f:\business\hardware-interface\webs\webs\debug\webs.tlog\cl.write.1.tlog
f:\business\hardware-interface\webs\webs\debug\webs.tlog\link.command.1.tlog
f:\business\hardware-interface\webs\webs\debug\webs.tlog\link.read.1.tlog
f:\business\hardware-interface\webs\webs\debug\webs.tlog\link.write.1.tlog
